0 info it worked if it ends with ok
1 verbose cli [ '/usr/local/bin/node', '/usr/local/bin/npm', 'publish', './' ]
2 info using npm@1.4.28
3 info using node@v0.10.33
4 verbose publish [ './' ]
5 verbose cache add [ './', null ]
6 verbose cache add name=undefined spec="./" args=["./",null]
7 verbose parsed url { protocol: null,
7 verbose parsed url   slashes: null,
7 verbose parsed url   auth: null,
7 verbose parsed url   host: null,
7 verbose parsed url   port: null,
7 verbose parsed url   hostname: null,
7 verbose parsed url   hash: null,
7 verbose parsed url   search: null,
7 verbose parsed url   query: null,
7 verbose parsed url   pathname: './',
7 verbose parsed url   path: './',
7 verbose parsed url   href: './' }
8 silly lockFile 0ee6c175- ./
9 verbose lock ./ /home/pi/.npm/0ee6c175-.lock
10 verbose tar pack [ '/home/pi/.npm/ProcessManager/1.0.0/package.tgz', './' ]
11 verbose tarball /home/pi/.npm/ProcessManager/1.0.0/package.tgz
12 verbose folder ./
13 info prepublish ProcessManager@1.0.0
14 silly lockFile 04cb2bca-tar tar://./
15 verbose lock tar://./ /home/pi/.npm/04cb2bca-tar.lock
16 silly lockFile 10eb3373-ProcessManager-1-0-0-package-tgz tar:///home/pi/.npm/ProcessManager/1.0.0/package.tgz
17 verbose lock tar:///home/pi/.npm/ProcessManager/1.0.0/package.tgz /home/pi/.npm/10eb3373-ProcessManager-1-0-0-package-tgz.lock
18 silly lockFile 04cb2bca-tar tar://./
19 silly lockFile 04cb2bca-tar tar://./
20 silly lockFile 10eb3373-ProcessManager-1-0-0-package-tgz tar:///home/pi/.npm/ProcessManager/1.0.0/package.tgz
21 silly lockFile 10eb3373-ProcessManager-1-0-0-package-tgz tar:///home/pi/.npm/ProcessManager/1.0.0/package.tgz
22 silly lockFile 1f15ff04-npm-ProcessManager-1-0-0-package /home/pi/.npm/ProcessManager/1.0.0/package
23 verbose lock /home/pi/.npm/ProcessManager/1.0.0/package /home/pi/.npm/1f15ff04-npm-ProcessManager-1-0-0-package.lock
24 silly lockFile 1f15ff04-npm-ProcessManager-1-0-0-package /home/pi/.npm/ProcessManager/1.0.0/package
25 silly lockFile 1f15ff04-npm-ProcessManager-1-0-0-package /home/pi/.npm/ProcessManager/1.0.0/package
26 silly lockFile 0ee6c175- ./
27 silly lockFile 0ee6c175- ./
28 silly publish { name: 'ProcessManager',
28 silly publish   version: '1.0.0',
28 silly publish   description: 'simple process manager',
28 silly publish   main: 'ProcessManager.js',
28 silly publish   dependencies: { colors: '^0.6.2' },
28 silly publish   scripts: { test: 'echo "Error: no test specified" && exit 1' },
28 silly publish   author:
28 silly publish    { name: 'AlainBarthelemy',
28 silly publish      email: 'alain@hemisphere-project.com' },
28 silly publish   license: 'GPL',
28 silly publish   readme: 'ERROR: No README data found!',
28 silly publish   _id: 'ProcessManager@1.0.0',
28 silly publish   _shasum: '1b2ed63380861a453bceb32fdd1d90618a1cc530',
28 silly publish   _from: './' }
29 verbose request where is /ProcessManager
30 verbose request registry https://registry.npmjs.org/
31 verbose request id 8fea6b5ff5f6e737
32 verbose url raw /ProcessManager
33 verbose url resolving [ 'https://registry.npmjs.org/', './ProcessManager' ]
34 verbose url resolved https://registry.npmjs.org/ProcessManager
35 verbose request where is https://registry.npmjs.org/ProcessManager
36 info trying registry request attempt 1 at 21:51:18
37 http PUT https://registry.npmjs.org/ProcessManager
38 http 403 https://registry.npmjs.org/ProcessManager
39 verbose headers { date: 'Tue, 20 Jan 2015 21:51:20 GMT',
39 verbose headers   server: 'CouchDB/1.5.0 (Erlang OTP/R16B03)',
39 verbose headers   'content-type': 'application/json',
39 verbose headers   'cache-control': 'max-age=60',
39 verbose headers   'content-length': '76',
39 verbose headers   'accept-ranges': 'bytes',
39 verbose headers   via: '1.1 varnish',
39 verbose headers   'x-served-by': 'cache-fra1231-FRA',
39 verbose headers   'x-cache': 'MISS',
39 verbose headers   'x-cache-hits': '0',
39 verbose headers   'x-timer': 'S1421790679.339158,VS0,VE669',
39 verbose headers   'keep-alive': 'timeout=10, max=50',
39 verbose headers   connection: 'Keep-Alive' }
40 error publish Failed PUT 403
41 error Error: forbidden New packages must have all-lowercase names: ProcessManager
41 error     at RegClient.<anonymous> (/usr/local/lib/node_modules/npm/node_modules/npm-registry-client/lib/request.js:308:14)
41 error     at Request._callback (/usr/local/lib/node_modules/npm/node_modules/npm-registry-client/lib/request.js:246:65)
41 error     at Request.self.callback (/usr/local/lib/node_modules/npm/node_modules/request/request.js:236:22)
41 error     at Request.emit (events.js:98:17)
41 error     at Request.<anonymous> (/usr/local/lib/node_modules/npm/node_modules/request/request.js:1142:14)
41 error     at Request.emit (events.js:117:20)
41 error     at IncomingMessage.<anonymous> (/usr/local/lib/node_modules/npm/node_modules/request/request.js:1096:12)
41 error     at IncomingMessage.emit (events.js:117:20)
41 error     at _stream_readable.js:943:16
41 error     at process._tickCallback (node.js:419:13)
42 error If you need help, you may report this *entire* log,
42 error including the npm and node versions, at:
42 error     <http://github.com/npm/npm/issues>
43 error System Linux 3.12.28+
44 error command "/usr/local/bin/node" "/usr/local/bin/npm" "publish" "./"
45 error cwd /home/pi/HController/ProcessManager
46 error node -v v0.10.33
47 error npm -v 1.4.28
48 verbose exit [ 1, true ]
