0 info it worked if it ends with ok
1 verbose cli [ '/usr/local/bin/node',
1 verbose cli   '/usr/local/bin/npm',
1 verbose cli   'install',
1 verbose cli   '-g',
1 verbose cli   'less' ]
2 info using npm@1.4.28
3 info using node@v0.10.36
4 verbose cache add [ 'less', null ]
5 verbose cache add name=undefined spec="less" args=["less",null]
6 verbose parsed url { protocol: null,
6 verbose parsed url   slashes: null,
6 verbose parsed url   auth: null,
6 verbose parsed url   host: null,
6 verbose parsed url   port: null,
6 verbose parsed url   hostname: null,
6 verbose parsed url   hash: null,
6 verbose parsed url   search: null,
6 verbose parsed url   query: null,
6 verbose parsed url   pathname: 'less',
6 verbose parsed url   path: 'less',
6 verbose parsed url   href: 'less' }
7 silly lockFile 0b439cf4-less less
8 verbose lock less /home/pi/.npm/0b439cf4-less.lock
9 silly lockFile 0b439cf4-less less
10 silly lockFile 0b439cf4-less less
11 verbose addNamed [ 'less', '' ]
12 verbose addNamed [ null, '*' ]
13 silly lockFile e13833ab-less less@
14 verbose lock less@ /home/pi/.npm/e13833ab-less.lock
15 silly addNameRange { name: 'less', range: '*', hasData: false }
16 verbose request where is /less
17 verbose request registry https://registry.npmjs.org/
18 verbose request id 2668f8c4f5e117e2
19 verbose url raw /less
20 verbose url resolving [ 'https://registry.npmjs.org/', './less' ]
21 verbose url resolved https://registry.npmjs.org/less
22 verbose request where is https://registry.npmjs.org/less
23 info trying registry request attempt 1 at 10:22:16
24 http GET https://registry.npmjs.org/less
25 http 200 https://registry.npmjs.org/less
26 silly registry.get cb [ 200,
26 silly registry.get   { date: 'Fri, 20 Feb 2015 10:22:17 GMT',
26 silly registry.get     server: 'CouchDB/1.5.0 (Erlang OTP/R16B03)',
26 silly registry.get     etag: '"1QFLNZR1RCN76XDEJPRZZX7BY"',
26 silly registry.get     'content-type': 'application/json',
26 silly registry.get     'cache-control': 'max-age=60',
26 silly registry.get     'content-length': '88413',
26 silly registry.get     'accept-ranges': 'bytes',
26 silly registry.get     via: '1.1 varnish',
26 silly registry.get     age: '17',
26 silly registry.get     'x-served-by': 'cache-ams4125-AMS',
26 silly registry.get     'x-cache': 'HIT',
26 silly registry.get     'x-cache-hits': '1',
26 silly registry.get     'x-timer': 'S1424427737.842378,VS0,VE0',
26 silly registry.get     vary: 'Accept',
26 silly registry.get     'keep-alive': 'timeout=10, max=50',
26 silly registry.get     connection: 'Keep-Alive' } ]
27 silly addNameRange number 2 { name: 'less', range: '*', hasData: true }
28 silly addNameRange versions [ 'less',
28 silly addNameRange   [ '1.0.10',
28 silly addNameRange     '1.0.11',
28 silly addNameRange     '1.0.14',
28 silly addNameRange     '1.0.18',
28 silly addNameRange     '1.0.19',
28 silly addNameRange     '1.0.21',
28 silly addNameRange     '1.0.32',
28 silly addNameRange     '1.0.36',
28 silly addNameRange     '1.0.5',
28 silly addNameRange     '1.0.40',
28 silly addNameRange     '1.0.41',
28 silly addNameRange     '1.0.44',
28 silly addNameRange     '1.1.0',
28 silly addNameRange     '1.1.1',
28 silly addNameRange     '1.1.2',
28 silly addNameRange     '1.1.4',
28 silly addNameRange     '1.1.5',
28 silly addNameRange     '1.1.6',
28 silly addNameRange     '1.2.0',
28 silly addNameRange     '1.2.1',
28 silly addNameRange     '1.2.2',
28 silly addNameRange     '1.3.0',
28 silly addNameRange     '1.3.1',
28 silly addNameRange     '1.3.2',
28 silly addNameRange     '1.3.3',
28 silly addNameRange     '1.4.0-b1',
28 silly addNameRange     '1.4.0-b2',
28 silly addNameRange     '1.4.0-b3',
28 silly addNameRange     '1.4.0-b4',
28 silly addNameRange     '1.4.0',
28 silly addNameRange     '1.4.1',
28 silly addNameRange     '1.4.2',
28 silly addNameRange     '1.5.0-b1',
28 silly addNameRange     '1.5.0-b2',
28 silly addNameRange     '1.5.0-b3',
28 silly addNameRange     '1.5.0-b4',
28 silly addNameRange     '1.5.0',
28 silly addNameRange     '1.5.1',
28 silly addNameRange     '1.6.0',
28 silly addNameRange     '1.6.1',
28 silly addNameRange     '1.6.2',
28 silly addNameRange     '1.6.3',
28 silly addNameRange     '1.7.0',
28 silly addNameRange     '1.7.1',
28 silly addNameRange     '1.7.3',
28 silly addNameRange     '1.7.4',
28 silly addNameRange     '1.7.5',
28 silly addNameRange     '2.0.0-b1',
28 silly addNameRange     '2.0.0-b2',
28 silly addNameRange     '2.0.0-b3',
28 silly addNameRange     '2.0.0',
28 silly addNameRange     '2.1.0',
28 silly addNameRange     '2.1.1',
28 silly addNameRange     '2.1.2',
28 silly addNameRange     '2.2.0',
28 silly addNameRange     '2.3.0',
28 silly addNameRange     '2.3.1',
28 silly addNameRange     '2.4.0' ] ]
29 verbose addNamed [ 'less', '2.4.0' ]
30 verbose addNamed [ '2.4.0', '2.4.0' ]
31 silly lockFile 2c12bc19-less-2-4-0 less@2.4.0
32 verbose lock less@2.4.0 /home/pi/.npm/2c12bc19-less-2-4-0.lock
33 silly lockFile 43df059e-ry-npmjs-org-less-less-2-4-0-tgz https://registry.npmjs.org/less/-/less-2.4.0.tgz
34 verbose lock https://registry.npmjs.org/less/-/less-2.4.0.tgz /home/pi/.npm/43df059e-ry-npmjs-org-less-less-2-4-0-tgz.lock
35 verbose addRemoteTarball [ 'https://registry.npmjs.org/less/-/less-2.4.0.tgz',
35 verbose addRemoteTarball   'ce51b38f1c05a0cdd47982fac40dd0a39cec2031' ]
36 info retry fetch attempt 1 at 10:22:18
37 verbose fetch to= /tmp/npm-6186-pPH0u5Zk/registry.npmjs.org/less/-/less-2.4.0.tgz
38 http GET https://registry.npmjs.org/less/-/less-2.4.0.tgz
39 http 200 https://registry.npmjs.org/less/-/less-2.4.0.tgz
40 silly lockFile 43df059e-ry-npmjs-org-less-less-2-4-0-tgz https://registry.npmjs.org/less/-/less-2.4.0.tgz
41 silly lockFile 43df059e-ry-npmjs-org-less-less-2-4-0-tgz https://registry.npmjs.org/less/-/less-2.4.0.tgz
42 silly lockFile 2c12bc19-less-2-4-0 less@2.4.0
43 silly lockFile 2c12bc19-less-2-4-0 less@2.4.0
44 silly lockFile e13833ab-less less@
45 silly lockFile e13833ab-less less@
46 silly resolved [ { name: 'less',
46 silly resolved     version: '2.4.0',
46 silly resolved     description: 'Leaner CSS',
46 silly resolved     homepage: 'http://lesscss.org',
46 silly resolved     author: { name: 'Alexis Sellier', email: 'self@cloudhead.net' },
46 silly resolved     contributors: [ [Object] ],
46 silly resolved     bugs: { url: 'https://github.com/less/less.js/issues' },
46 silly resolved     repository: { type: 'git', url: 'https://github.com/less/less.js.git' },
46 silly resolved     licenses: [ [Object] ],
46 silly resolved     bin: { lessc: './bin/lessc' },
46 silly resolved     main: 'index',
46 silly resolved     directories: { test: './test' },
46 silly resolved     jam: { main: './dist/less.js' },
46 silly resolved     engines: { node: '>=0.10.0' },
46 silly resolved     scripts: { test: 'grunt test' },
46 silly resolved     optionalDependencies:
46 silly resolved      { errno: '^0.1.1',
46 silly resolved        'graceful-fs': '^3.0.5',
46 silly resolved        'image-size': '~0.3.5',
46 silly resolved        mime: '^1.2.11',
46 silly resolved        mkdirp: '^0.5.0',
46 silly resolved        promise: '^6.0.1',
46 silly resolved        request: '^2.51.0',
46 silly resolved        'source-map': '^0.2.0' },
46 silly resolved     devDependencies:
46 silly resolved      { diff: '^1.0',
46 silly resolved        grunt: '^0.4.5',
46 silly resolved        'grunt-contrib-clean': '^0.6.0',
46 silly resolved        'grunt-contrib-concat': '^0.5.0',
46 silly resolved        'grunt-contrib-connect': '^0.9.0',
46 silly resolved        'grunt-contrib-jasmine': '^0.8.1',
46 silly resolved        'grunt-contrib-jshint': '^0.11.0',
46 silly resolved        'grunt-contrib-uglify': '^0.7.0',
46 silly resolved        'grunt-jscs': '^1.2.0',
46 silly resolved        'grunt-shell': '^1.1.1',
46 silly resolved        'grunt-browserify': '^3.2.0',
46 silly resolved        matchdep: '^0.3.0',
46 silly resolved        'time-grunt': '^1.0.0',
46 silly resolved        'grunt-saucelabs': '^8.3.2' },
46 silly resolved     keywords:
46 silly resolved      [ 'compile less',
46 silly resolved        'css nesting',
46 silly resolved        'css variable',
46 silly resolved        'css',
46 silly resolved        'gradients css',
46 silly resolved        'gradients css3',
46 silly resolved        'less compiler',
46 silly resolved        'less css',
46 silly resolved        'less mixins',
46 silly resolved        'less',
46 silly resolved        'less.js',
46 silly resolved        'lesscss',
46 silly resolved        'mixins',
46 silly resolved        'nested css',
46 silly resolved        'parser',
46 silly resolved        'preprocessor',
46 silly resolved        'bootstrap css',
46 silly resolved        'bootstrap less',
46 silly resolved        'style',
46 silly resolved        'styles',
46 silly resolved        'stylesheet',
46 silly resolved        'variables in css',
46 silly resolved        'css less' ],
46 silly resolved     gitHead: '6fd2a5751cc8313481913bcb1623bf6c50089df8',
46 silly resolved     dependencies:
46 silly resolved      { errno: '^0.1.1',
46 silly resolved        'graceful-fs': '^3.0.5',
46 silly resolved        'image-size': '~0.3.5',
46 silly resolved        mime: '^1.2.11',
46 silly resolved        mkdirp: '^0.5.0',
46 silly resolved        promise: '^6.0.1',
46 silly resolved        request: '^2.51.0',
46 silly resolved        'source-map': '^0.2.0' },
46 silly resolved     _id: 'less@2.4.0',
46 silly resolved     _shasum: 'ce51b38f1c05a0cdd47982fac40dd0a39cec2031',
46 silly resolved     _from: 'less@',
46 silly resolved     _npmVersion: '2.5.0',
46 silly resolved     _nodeVersion: '0.10.25',
46 silly resolved     _npmUser: { name: 'agatronic', email: 'luke.a.page@gmail.com' },
46 silly resolved     maintainers: [ [Object], [Object] ],
46 silly resolved     dist:
46 silly resolved      { shasum: 'ce51b38f1c05a0cdd47982fac40dd0a39cec2031',
46 silly resolved        tarball: 'http://registry.npmjs.org/less/-/less-2.4.0.tgz' },
46 silly resolved     _resolved: 'https://registry.npmjs.org/less/-/less-2.4.0.tgz' } ]
47 info install less@2.4.0 into /usr/local/lib
48 info installOne less@2.4.0
49 verbose lib/node_modules/less unbuild
50 verbose tar unpack /home/pi/.npm/less/2.4.0/package.tgz
51 silly lockFile 7a611c47--usr-local-lib-node-modules-less tar:///usr/local/lib/node_modules/less
52 verbose lock tar:///usr/local/lib/node_modules/less /home/pi/.npm/7a611c47--usr-local-lib-node-modules-less.lock
53 silly lockFile a256de24-me-pi-npm-less-2-4-0-package-tgz tar:///home/pi/.npm/less/2.4.0/package.tgz
54 verbose lock tar:///home/pi/.npm/less/2.4.0/package.tgz /home/pi/.npm/a256de24-me-pi-npm-less-2-4-0-package-tgz.lock
55 silly gunzTarPerm modes [ '755', '644' ]
56 error Error: EACCES, mkdir '/usr/local/lib/node_modules/less'
56 error  { [Error: EACCES, mkdir '/usr/local/lib/node_modules/less']
56 error   errno: 3,
56 error   code: 'EACCES',
56 error   path: '/usr/local/lib/node_modules/less',
56 error   fstream_type: 'Directory',
56 error   fstream_path: '/usr/local/lib/node_modules/less',
56 error   fstream_class: 'DirWriter',
56 error   fstream_stack:
56 error    [ '/usr/local/lib/node_modules/npm/node_modules/fstream/lib/dir-writer.js:36:23',
56 error      '/usr/local/lib/node_modules/npm/node_modules/mkdirp/index.js:46:53',
56 error      'Object.oncomplete (fs.js:108:15)' ] }
57 error Please try running this command again as root/Administrator.
58 error System Linux 3.12.28+
59 error command "/usr/local/bin/node" "/usr/local/bin/npm" "install" "-g" "less"
60 error cwd /home/pi/griotte/w/static/css
61 error node -v v0.10.36
62 error npm -v 1.4.28
63 error path /usr/local/lib/node_modules/less
64 error fstream_path /usr/local/lib/node_modules/less
65 error fstream_type Directory
66 error fstream_class DirWriter
67 error code EACCES
68 error errno 3
69 error stack Error: EACCES, mkdir '/usr/local/lib/node_modules/less'
70 error fstream_stack /usr/local/lib/node_modules/npm/node_modules/fstream/lib/dir-writer.js:36:23
70 error fstream_stack /usr/local/lib/node_modules/npm/node_modules/mkdirp/index.js:46:53
70 error fstream_stack Object.oncomplete (fs.js:108:15)
71 verbose exit [ 3, true ]
