0 info it worked if it ends with ok
1 verbose cli [ '/usr/local/bin/node',
1 verbose cli   '/usr/local/bin/npm',
1 verbose cli   'r',
1 verbose cli   'ScenarioPlayer',
1 verbose cli   '-g' ]
2 info using npm@1.4.28
3 info using node@v0.10.33
4 verbose lib/node_modules/ScenarioPlayer unbuild
5 info preuninstall ScenarioPlayer@1.0.0
6 info uninstall ScenarioPlayer@1.0.0
7 verbose true,/usr/local/lib/node_modules,/usr/local/lib/node_modules unbuild ScenarioPlayer@1.0.0
8 verbose /usr/local/bin,[object Object] binRoot
9 error Error: EACCES, unlink '/usr/local/bin/scenario-player'
9 error  { [Error: EACCES, unlink '/usr/local/bin/scenario-player']
9 error   errno: 3,
9 error   code: 'EACCES',
9 error   path: '/usr/local/bin/scenario-player' }
10 error Please try running this command again as root/Administrator.
11 error System Darwin 13.4.0
12 error command "/usr/local/bin/node" "/usr/local/bin/npm" "r" "ScenarioPlayer" "-g"
13 error cwd /Volumes/Storage HD/repository/miscellaneous/2014/MediaPlayer/HController/ScenarioPlayer
14 error node -v v0.10.33
15 error npm -v 1.4.28
16 error path /usr/local/bin/scenario-player
17 error code EACCES
18 error errno 3
19 error stack Error: EACCES, unlink '/usr/local/bin/scenario-player'
20 verbose exit [ 3, true ]
